2023-05-08 20:18:55,117 - of - cook
2023-05-08 20:20:05,359 - as - Good
2023-05-08 20:23:06,231 - matter - The
2023-05-08 20:41:50,512 - other everyone
2023-05-08 20:43:33,969 - and good
2023-05-08 20:46:07,479 - and ['good', 'morning', 'to', 'everyone']
2023-05-08 20:47:34,817 - ['good', 'night', 'to', 'the'] other
2023-05-08 21:29:30,969 - ['Could', 'to', 'be'] able
2023-05-08 21:39:11,842 - ['Did', 'this', 'save', 'to'] the
2023-05-08 21:55:49,867 - ['he', 'makes']
2023-05-08 22:03:44,241 - ['the', 'word', 'is']
2023-05-08 22:06:27,383 - ['good', 'morning', 'to', 'all']
2023-05-08 22:13:42,222 - ['The', 'word']
2023-05-08 22:20:33,854 ['He', 'make'] deal
2023-05-08 22:27:01,182 - ['Good', 'morning']
2023-05-08 22:29:56,738 - ['if', 'keep']
2023-05-08 22:29:56,738 - ['if', 'keep']
2023-05-08 22:30:27,461 - ['if', 'keep', 'a', 'need', 'the']
2023-05-08 22:30:27,461 - ['if', 'keep', 'a', 'need', 'the']
2023-05-08 22:32:44,566 - ['More', 'than']
2023-05-08 22:32:57,373 - ['man']
2023-05-08 22:33:02,291 - ['man', 'and', 'more']
2023-05-08 22:41:04,870 - ['hello']
2023-05-08 22:45:25,004 - ['hello', 'sure']
2023-05-08 22:52:36,063 - ['good', 'morning', 'Good', 'morning']
2023-05-08 23:15:46,794 - mornig was
2023-05-08 23:16:38,401 - ['good']
2023-05-08 23:21:17,333 - so i
2023-05-09 00:02:17,515 - ['good']
2023-05-09 00:05:08,096 - ['take']
2023-05-09 01:45:17,102 - ['meant', 'good', 'late', 'to']
2023-05-09 10:12:22,637 - ['good', 'for', 'that']
2023-05-09 10:12:38,238 - ['good', 'for', 'that', 'been', 'for', 'that']
2023-05-10 01:47:59,744 - ['good']
2023-05-10 01:51:18,879 - ['good']
2023-05-10 01:52:56,358 - ['1']
2023-05-10 01:56:37,620 - ['good']
2023-05-13 00:34:10,064 - ['Good', 'morning']
